\BOOKMARK [0][-]{chapter.1}{Introduction}{}% 1
\BOOKMARK [0][-]{chapter.2}{Problem Description}{}% 2
\BOOKMARK [0][-]{chapter.3}{Objectives}{}% 3
\BOOKMARK [0][-]{chapter.4}{Related Work}{}% 4
\BOOKMARK [1][-]{section.4.1}{Honeycomb Framework}{chapter.4}% 5
\BOOKMARK [1][-]{section.4.2}{Persuasive Software Design Patterns}{chapter.4}% 6
\BOOKMARK [2][-]{subsection.4.2.1}{Social Learning and Facilitation \(SLF\):}{section.4.2}% 7
\BOOKMARK [2][-]{subsection.4.2.2}{Competition \(COM\):}{section.4.2}% 8
\BOOKMARK [2][-]{subsection.4.2.3}{Cooperation \(COO\)}{section.4.2}% 9
\BOOKMARK [2][-]{subsection.4.2.4}{Recognition \(REC\)}{section.4.2}% 10
\BOOKMARK [1][-]{section.4.3}{Roles in Social Networks}{chapter.4}% 11
\BOOKMARK [1][-]{section.4.4}{Reputation Systems}{chapter.4}% 12
\BOOKMARK [2][-]{subsection.4.4.1}{Motivation:}{section.4.4}% 13
\BOOKMARK [2][-]{subsection.4.4.2}{Requirements and Features:}{section.4.4}% 14
\BOOKMARK [2][-]{subsection.4.4.3}{Components of a Reputation System}{section.4.4}% 15
\BOOKMARK [1][-]{section.4.5}{Collaborative Tagging}{chapter.4}% 16
\BOOKMARK [1][-]{section.4.6}{Semi-Structured Content}{chapter.4}% 17
\BOOKMARK [1][-]{section.4.7}{Ontology Learning}{chapter.4}% 18
\BOOKMARK [0][-]{chapter.5}{Solution}{}% 19
\BOOKMARK [0][-]{chapter.6}{Domain Model}{}% 20
\BOOKMARK [1][-]{section.6.1}{Concepts}{chapter.6}% 21
\BOOKMARK [2][-]{subsection.6.1.1}{Scenarios}{section.6.1}% 22
\BOOKMARK [2][-]{subsection.6.1.2}{Views}{section.6.1}% 23
\BOOKMARK [1][-]{section.6.2}{Model}{chapter.6}% 24
\BOOKMARK [1][-]{section.6.3}{Templates}{chapter.6}% 25
\BOOKMARK [0][-]{chapter.7}{Architecture Analysis}{}% 26
\BOOKMARK [0][-]{chapter.8}{Implementation}{}% 27
\BOOKMARK [1][-]{section.8.1}{Model}{chapter.8}% 28
\BOOKMARK [1][-]{section.8.2}{Controllers}{chapter.8}% 29
\BOOKMARK [2][-]{subsection.8.2.1}{Annotation Controller}{section.8.2}% 30
\BOOKMARK [2][-]{subsection.8.2.2}{Document Controller}{section.8.2}% 31
\BOOKMARK [2][-]{subsection.8.2.3}{Scenario Controller}{section.8.2}% 32
\BOOKMARK [0][-]{chapter.9}{Evaluation}{}% 33
\BOOKMARK [0][-]{chapter.10}{Conclusion}{}% 34
\BOOKMARK [0][-]{appendix.A}{Appendix chapter}{}% 35
